<?xml version="1.0" encoding="UTF-8"?>
<!-- Generated by org.testng.reporters.JUnitXMLReporter -->
<testsuite ignored="9" hostname="LAPTOP-UISU80L1" failures="1" tests="5" name="Create User Test" time="153.967" errors="0" timestamp="2020-12-10T14:59:09 IST">
  <testcase classname="RBAC.CreateUser" name="TestNoEmail" time="33.141"/>
  <testcase classname="RBAC.CreateUser" name="EditUserNoPassword" time="31.037"/>
  <testcase classname="RBAC.CreateUser" name="EditUserNoConfirmPassword" time="31.049"/>
  <testcase classname="RBAC.CreateUser" name="EditUserInvalidPassword" time="27.46">
    <failure type="org.openqa.selenium.NoSuchElementException" message="no such element: Unable to locate element: {&amp;quot;method&amp;quot;:&amp;quot;xpath&amp;quot;,&amp;quot;selector&amp;quot;:&amp;quot;//div[contains(text(),&amp;apos;Password must contain a lowercase letter, uppercas&amp;apos;)]&amp;quot;}
  (Session info: chrome=87.0.4280.88)
For documentation on this error, please visit: https://www.seleniumhq.org/exceptions/no_such_element.html
Build info: version: &amp;apos;3.141.59&amp;apos;, revision: &amp;apos;e82be7d358&amp;apos;, time: &amp;apos;2018-11-14T08:25:48&amp;apos;
System info: host: &amp;apos;LAPTOP-UISU80L1&amp;apos;, ip: &amp;apos;192.168.29.147&amp;apos;, os.name: &amp;apos;Windows 10&amp;apos;, os.arch: &amp;apos;amd64&amp;apos;, os.version: &amp;apos;10.0&amp;apos;, java.version: &amp;apos;13.0.1&amp;apos;
Driver info: org.openqa.selenium.chrome.ChromeDriver
Capabilities {acceptInsecureCerts: false, browserName: chrome, browserVersion: 87.0.4280.88, chrome: {chromedriverVersion: 87.0.4280.20 (c99e81631faa0..., userDataDir: C:\Users\Lenovo\AppData\Loc...}, goog:chromeOptions: {debuggerAddress: localhost:53962}, javascriptEnabled: true, networkConnectionEnabled: false, pageLoadStrategy: normal, platform: WINDOWS, platformName: WINDOWS, proxy: Proxy(), setWindowRect: true, strictFileInteractability: false, timeouts: {implicit: 0, pageLoad: 300000, script: 30000}, unhandledPromptBehavior: dismiss and notify, webauthn:virtualAuthenticators: true}
Session ID: ba4ff7853a06db4a9c8aaf7e0eb08da2
*** Element info: {Using=xpath, value=//div[contains(text(),&amp;apos;Password must contain a lowercase letter, uppercas&amp;apos;)]}">
      <![CDATA[org.openqa.selenium.NoSuchElementException: no such element: Unable to locate element: {"method":"xpath","selector":"//div[contains(text(),'Password must contain a lowercase letter, uppercas')]"}
  (Session info: chrome=87.0.4280.88)
For documentation on this error, please visit: https://www.seleniumhq.org/exceptions/no_such_element.html
Build info: version: '3.141.59', revision: 'e82be7d358', time: '2018-11-14T08:25:48'
System info: host: 'LAPTOP-UISU80L1', ip: '192.168.29.147', os.name: 'Windows 10', os.arch: 'amd64', os.version: '10.0', java.version: '13.0.1'
Driver info: org.openqa.selenium.chrome.ChromeDriver
Capabilities {acceptInsecureCerts: false, browserName: chrome, browserVersion: 87.0.4280.88, chrome: {chromedriverVersion: 87.0.4280.20 (c99e81631faa0..., userDataDir: C:\Users\Lenovo\AppData\Loc...}, goog:chromeOptions: {debuggerAddress: localhost:53962}, javascriptEnabled: true, networkConnectionEnabled: false, pageLoadStrategy: normal, platform: WINDOWS, platformName: WINDOWS, proxy: Proxy(), setWindowRect: true, strictFileInteractability: false, timeouts: {implicit: 0, pageLoad: 300000, script: 30000}, unhandledPromptBehavior: dismiss and notify, webauthn:virtualAuthenticators: true}
Session ID: ba4ff7853a06db4a9c8aaf7e0eb08da2
*** Element info: {Using=xpath, value=//div[contains(text(),'Password must contain a lowercase letter, uppercas')]}
at org.openqa.selenium.remote.http.W3CHttpResponseCodec.createException(W3CHttpResponseCodec.java:187)
at org.openqa.selenium.remote.http.W3CHttpResponseCodec.decode(W3CHttpResponseCodec.java:122)
at org.openqa.selenium.remote.http.W3CHttpResponseCodec.decode(W3CHttpResponseCodec.java:49)
at org.openqa.selenium.remote.HttpCommandExecutor.execute(HttpCommandExecutor.java:158)
at org.openqa.selenium.remote.service.DriverCommandExecutor.execute(DriverCommandExecutor.java:83)
at org.openqa.selenium.remote.RemoteWebDriver.execute(RemoteWebDriver.java:552)
at org.openqa.selenium.remote.RemoteWebDriver.findElement(RemoteWebDriver.java:323)
at org.openqa.selenium.remote.RemoteWebDriver.findElementByXPath(RemoteWebDriver.java:428)
at org.openqa.selenium.By$ByXPath.findElement(By.java:353)
at org.openqa.selenium.remote.RemoteWebDriver.findElement(RemoteWebDriver.java:315)
at RBAC.CreateUser.EditUserInvalidPassword(CreateUser.java:332)
at java.base/java.util.ArrayList.forEach(ArrayList.java:1507)
... Removed 32 stack frames]]>
    </failure>
  </testcase> <!-- EditUserInvalidPassword -->
  <testcase classname="RBAC.CreateUser" name="EditUserInvalidConfirmPassword" time="31.207"/>
  <testcase classname="RBAC.CreateUser" name="TestInvalidEmail" time="0.0">
    <ignored/>
  </testcase> <!-- TestInvalidEmail -->
  <testcase classname="RBAC.CreateUser" name="TestInvalidConfirmPassword" time="0.0">
    <ignored/>
  </testcase> <!-- TestInvalidConfirmPassword -->
  <testcase classname="RBAC.CreateUser" name="EditUserValid" time="0.0">
    <ignored/>
  </testcase> <!-- EditUserValid -->
  <testcase classname="RBAC.CreateUser" name="TestNoPassword" time="0.0">
    <ignored/>
  </testcase> <!-- TestNoPassword -->
  <testcase classname="RBAC.CreateUser" name="TestNoConfirmPassword" time="0.0">
    <ignored/>
  </testcase> <!-- TestNoConfirmPassword -->
  <testcase classname="RBAC.CreateUser" name="TestValidUser" time="0.0">
    <ignored/>
  </testcase> <!-- TestValidUser -->
  <testcase classname="RBAC.CreateUser" name="TestAlreadyExistsEmail" time="0.0">
    <ignored/>
  </testcase> <!-- TestAlreadyExistsEmail -->
  <testcase classname="RBAC.CreateUser" name="TestNoRole" time="0.0">
    <ignored/>
  </testcase> <!-- TestNoRole -->
  <testcase classname="RBAC.CreateUser" name="TestInvalidPassword" time="0.0">
    <ignored/>
  </testcase> <!-- TestInvalidPassword -->
</testsuite> <!-- Create User Test -->
